This file contains any messages produced by compilers while
running configure, to aid debugging if configure makes a mistake.

It was created by liboqs configure 1.0.0, which was
generated by GNU Autoconf 2.71.  Invocation command line was

  $ ./configure --enable-openssl --with-openssl-dir=/usr/lib/ssl

## --------- ##
## Platform. ##
## --------- ##

hostname = user
uname -m = x86_64
uname -r = 6.2.0-39-generic
uname -s = Linux
uname -v = #40-Ubuntu SMP PREEMPT_DYNAMIC Tue Nov 14 14:18:00 UTC 2023

/usr/bin/uname -p = x86_64
/bin/uname -X     = unknown

/bin/arch              = x86_64
/usr/bin/arch -k       = unknown
/usr/convex/getsysinfo = unknown
/usr/bin/hostinfo      = unknown
/bin/machine           = unknown
/usr/bin/oslevel       = unknown
/bin/universe          = unknown

PATH: /home/user/.pyenv/shims/
PATH: /home/user/.pyenv/bin/
PATH: /home/user/.codon/bin/
PATH: /home/user/.pyenv/bin/
PATH: /home/user/.pyenv/bin/
PATH: /home/user/.pyenv/bin/
PATH: /bin/
PATH: /home/user/.codon/bin/
PATH: /usr/local/sbin/
PATH: /usr/local/bin/
PATH: /usr/sbin/
PATH: /usr/bin/
PATH: /sbin/
PATH: /bin/
PATH: /usr/games/
PATH: /usr/local/games/
PATH: /snap/bin/
PATH: /snap/bin/


## ----------- ##
## Core tests. ##
## ----------- ##

configure:3298: looking for aux files: missing install-sh compile config.guess config.sub ltmain.sh
configure:3311:  trying ./
configure:3340:   ./missing found
configure:3322:   ./install-sh found
configure:3340:   ./compile found
configure:3340:   ./config.guess found
configure:3340:   ./config.sub found
configure:3340:   ./ltmain.sh found
configure:3485: checking build system type
configure:3500: result: x86_64-pc-linux-gnu
configure:3520: checking host system type
configure:3534: result: x86_64-pc-linux-gnu
configure:3575: checking how to print strings
configure:3602: result: printf
configure:3688: checking for gcc
configure:3709: found /bin/gcc
configure:3720: result: gcc
configure:4073: checking for C compiler version
configure:4082: gcc --version >&5
gcc (Ubuntu 12.3.0-1ubuntu1~23.04) 12.3.0
Copyright (C) 2022 Free Software Foundation, Inc.
This is free software; see the source for copying conditions.  There is NO
warranty; not even for MERCHANTABILITY or FITNESS FOR A PARTICULAR PURPOSE.

configure:4093: $? = 0
configure:4082: gcc -v >&5
Using built-in specs.
COLLECT_GCC=gcc
COLLECT_LTO_WRAPPER=/usr/lib/gcc/x86_64-linux-gnu/12/lto-wrapper
OFFLOAD_TARGET_NAMES=nvptx-none:amdgcn-amdhsa
OFFLOAD_TARGET_DEFAULT=1
Target: x86_64-linux-gnu
Configured with: ../src/configure -v --with-pkgversion='Ubuntu 12.3.0-1ubuntu1~23.04' --with-bugurl=file:///usr/share/doc/gcc-12/README.Bugs --enable-languages=c,ada,c++,go,d,fortran,objc,obj-c++,m2 --prefix=/usr --with-gcc-major-version-only --program-suffix=-12 --program-prefix=x86_64-linux-gnu- --enable-shared --enable-linker-build-id --libexecdir=/usr/lib --without-included-gettext --enable-threads=posix --libdir=/usr/lib --enable-nls --enable-clocale=gnu --enable-libstdcxx-debug --enable-libstdcxx-time=yes --with-default-libstdcxx-abi=new --enable-gnu-unique-object --disable-vtable-verify --enable-plugin --enable-default-pie --with-system-zlib --enable-libphobos-checking=release --with-target-system-zlib=auto --enable-objc-gc=auto --enable-multiarch --disable-werror --enable-cet --with-arch-32=i686 --with-abi=m64 --with-multilib-list=m32,m64,mx32 --enable-multilib --with-tune=generic --enable-offload-targets=nvptx-none=/build/gcc-12-DAPbBt/gcc-12-12.3.0/debian/tmp-nvptx/usr,amdgcn-amdhsa=/build/gcc-12-DAPbBt/gcc-12-12.3.0/debian/tmp-gcn/usr --enable-offload-defaulted --without-cuda-driver --enable-checking=release --build=x86_64-linux-gnu --host=x86_64-linux-gnu --target=x86_64-linux-gnu
Thread model: posix
Supported LTO compression algorithms: zlib zstd
gcc version 12.3.0 (Ubuntu 12.3.0-1ubuntu1~23.04) 
... rest of stderr output deleted ...
configure:4093: $? = 0
configure:4082: gcc -V >&5
gcc: error: unrecognized command-line option '-V'
gcc: fatal error: no input files
compilation terminated.
configure:4093: $? = 1
configure:4082: gcc -qversion >&5
gcc: error: unrecognized command-line option '-qversion'; did you mean '--version'?
gcc: fatal error: no input files
compilation terminated.
configure:4093: $? = 1
configure:4082: gcc -version >&5
gcc: error: unrecognized command-line option '-version'
gcc: fatal error: no input files
compilation terminated.
configure:4093: $? = 1
configure:4113: checking whether the C compiler works
configure:4135: gcc    conftest.c  >&5
configure:4139: $? = 0
configure:4189: result: yes
configure:4192: checking for C compiler default output file name
configure:4194: result: a.out
configure:4200: checking for suffix of executables
configure:4207: gcc -o conftest    conftest.c  >&5
configure:4211: $? = 0
configure:4234: result: 
configure:4256: checking whether we are cross compiling
configure:4264: gcc -o conftest    conftest.c  >&5
configure:4268: $? = 0
configure:4275: ./conftest
configure:4279: $? = 0
configure:4294: result: no
configure:4299: checking for suffix of object files
configure:4322: gcc -c   conftest.c >&5
configure:4326: $? = 0
configure:4348: result: o
configure:4352: checking whether the compiler supports GNU C
configure:4372: gcc -c   conftest.c >&5
configure:4372: $? = 0
configure:4382: result: yes
configure:4393: checking whether gcc accepts -g
configure:4414: gcc -c -g  conftest.c >&5
configure:4414: $? = 0
configure:4458: result: yes
configure:4478: checking for gcc option to enable C11 features
configure:4493: gcc  -c -g -O2  conftest.c >&5
configure:4493: $? = 0
configure:4511: result: none needed
configure:4627: checking whether gcc understands -c and -o together
configure:4650: gcc -c conftest.c -o conftest2.o
configure:4653: $? = 0
configure:4650: gcc -c conftest.c -o conftest2.o
configure:4653: $? = 0
configure:4665: result: yes
configure:4682: checking for a sed that does not truncate output
configure:4752: result: /bin/sed
configure:4770: checking for grep that handles long lines and -e
configure:4834: result: /bin/grep
configure:4839: checking for egrep
configure:4907: result: /bin/grep -E
configure:4912: checking for fgrep
configure:4980: result: /bin/grep -F
configure:5016: checking for ld used by gcc
configure:5084: result: /bin/ld
configure:5091: checking if the linker (/bin/ld) is GNU ld
configure:5107: result: yes
configure:5119: checking for BSD- or MS-compatible name lister (nm)
configure:5174: result: /bin/nm -B
configure:5314: checking the name lister (/bin/nm -B) interface
configure:5322: gcc -c -g -O2  conftest.c >&5
configure:5325: /bin/nm -B "conftest.o"
configure:5328: output
0000000000000000 B some_variable
configure:5335: result: BSD nm
configure:5338: checking whether ln -s works
configure:5342: result: yes
configure:5350: checking the maximum length of command line arguments
configure:5482: result: 1572864
configure:5530: checking how to convert x86_64-pc-linux-gnu file names to x86_64-pc-linux-gnu format
configure:5571: result: func_convert_file_noop
configure:5578: checking how to convert x86_64-pc-linux-gnu file names to toolchain format
configure:5599: result: func_convert_file_noop
configure:5606: checking for /bin/ld option to reload object files
configure:5614: result: -r
configure:5693: checking for file
configure:5714: found /bin/file
configure:5725: result: file
configure:5801: checking for objdump
configure:5822: found /bin/objdump
configure:5833: result: objdump
configure:5865: checking how to recognize dependent libraries
configure:6066: result: pass_all
configure:6156: checking for dlltool
configure:6191: result: no
configure:6221: checking how to associate runtime and link libraries
configure:6249: result: printf %s\n
configure:6315: checking for ar
configure:6336: found /bin/ar
configure:6347: result: ar
configure:6400: checking for archiver @FILE support
configure:6418: gcc -c -g -O2  conftest.c >&5
configure:6418: $? = 0
configure:6422: ar cr libconftest.a @conftest.lst >&5
configure:6425: $? = 0
configure:6430: ar cr libconftest.a @conftest.lst >&5
ar: conftest.o: No such file or directory
configure:6433: $? = 1
configure:6445: result: @
configure:6508: checking for strip
configure:6529: found /bin/strip
configure:6540: result: strip
configure:6617: checking for ranlib
configure:6638: found /bin/ranlib
configure:6649: result: ranlib
configure:6726: checking for gawk
configure:6761: result: no
configure:6726: checking for mawk
configure:6747: found /bin/mawk
configure:6758: result: mawk
configure:6798: checking command to parse /bin/nm -B output from gcc object
configure:6952: gcc -c -g -O2  conftest.c >&5
configure:6955: $? = 0
configure:6959: /bin/nm -B conftest.o | /bin/sed -n -e 's/^.*[	 ]\([ABCDGIRSTW][ABCDGIRSTW]*\)[	 ][	 ]*\([_A-Za-z][_A-Za-z0-9]*\)$/\1 \2 \2/p' | /bin/sed '/ __gnu_lto/d' > conftest.nm
configure:7025: gcc -o conftest -g -O2   conftest.c conftstm.o >&5
configure:7028: $? = 0
configure:7066: result: ok
configure:7113: checking for sysroot
configure:7144: result: no
configure:7151: checking for a working dd
configure:7195: result: /bin/dd
configure:7199: checking how to truncate binary pipes
configure:7215: result: /bin/dd bs=4096 count=1
configure:7352: gcc -c -g -O2  conftest.c >&5
configure:7355: $? = 0
configure:7552: checking for mt
configure:7573: found /bin/mt
configure:7584: result: mt
configure:7607: checking if mt is a manifest tool
configure:7614: mt '-?'
configure:7622: result: no
configure:8347: checking for stdio.h
configure:8347: gcc -c -g -O2  conftest.c >&5
configure:8347: $? = 0
configure:8347: result: yes
configure:8347: checking for stdlib.h
configure:8347: gcc -c -g -O2  conftest.c >&5
configure:8347: $? = 0
configure:8347: result: yes
configure:8347: checking for string.h
configure:8347: gcc -c -g -O2  conftest.c >&5
configure:8347: $? = 0
configure:8347: result: yes
configure:8347: checking for inttypes.h
configure:8347: gcc -c -g -O2  conftest.c >&5
configure:8347: $? = 0
configure:8347: result: yes
configure:8347: checking for stdint.h
configure:8347: gcc -c -g -O2  conftest.c >&5
configure:8347: $? = 0
configure:8347: result: yes
configure:8347: checking for strings.h
configure:8347: gcc -c -g -O2  conftest.c >&5
configure:8347: $? = 0
configure:8347: result: yes
configure:8347: checking for sys/stat.h
configure:8347: gcc -c -g -O2  conftest.c >&5
configure:8347: $? = 0
configure:8347: result: yes
configure:8347: checking for sys/types.h
configure:8347: gcc -c -g -O2  conftest.c >&5
configure:8347: $? = 0
configure:8347: result: yes
configure:8347: checking for unistd.h
configure:8347: gcc -c -g -O2  conftest.c >&5
configure:8347: $? = 0
configure:8347: result: yes
configure:8372: checking for dlfcn.h
configure:8372: gcc -c -g -O2  conftest.c >&5
configure:8372: $? = 0
configure:8372: result: yes
configure:8630: checking for objdir
configure:8646: result: .libs
configure:8910: checking if gcc supports -fno-rtti -fno-exceptions
configure:8929: gcc -c -g -O2  -fno-rtti -fno-exceptions conftest.c >&5
cc1: warning: command-line option '-fno-rtti' is valid for C++/D/ObjC++ but not for C
configure:8933: $? = 0
configure:8946: result: no
configure:9310: checking for gcc option to produce PIC
configure:9318: result: -fPIC -DPIC
configure:9326: checking if gcc PIC flag -fPIC -DPIC works
configure:9345: gcc -c -g -O2  -fPIC -DPIC -DPIC conftest.c >&5
configure:9349: $? = 0
configure:9362: result: yes
configure:9391: checking if gcc static flag -static works
configure:9420: result: yes
configure:9435: checking if gcc supports -c -o file.o
configure:9457: gcc -c -g -O2  -o out/conftest2.o conftest.c >&5
configure:9461: $? = 0
configure:9483: result: yes
configure:9491: checking if gcc supports -c -o file.o
configure:9539: result: yes
configure:9572: checking whether the gcc linker (/bin/ld -m elf_x86_64) supports shared libraries
configure:10846: result: yes
configure:11087: checking dynamic linker characteristics
configure:11669: gcc -o conftest -g -O2   -Wl,-rpath -Wl,/foo conftest.c  >&5
configure:11669: $? = 0
configure:11920: result: GNU/Linux ld.so
configure:12042: checking how to hardcode library paths into programs
configure:12067: result: immediate
configure:12619: checking whether stripping libraries is possible
configure:12628: result: yes
configure:12670: checking if libtool supports shared libraries
configure:12672: result: yes
configure:12675: checking whether to build shared libraries
configure:12700: result: no
configure:12703: checking whether to build static libraries
configure:12707: result: yes
configure:12761: checking for a BSD-compatible install
configure:12834: result: /bin/install -c
configure:12845: checking whether build environment is sane
configure:12900: result: yes
configure:13055: checking for a race-free mkdir -p
configure:13099: result: /bin/mkdir -p
configure:13102: checking whether make sets $(MAKE)
configure:13125: result: yes
configure:13155: checking whether make supports nested variables
configure:13173: result: yes
configure:13386: checking for g++
configure:13407: found /bin/g++
configure:13418: result: g++
configure:13445: checking for C++ compiler version
configure:13454: g++ --version >&5
g++ (Ubuntu 12.3.0-1ubuntu1~23.04) 12.3.0
Copyright (C) 2022 Free Software Foundation, Inc.
This is free software; see the source for copying conditions.  There is NO
warranty; not even for MERCHANTABILITY or FITNESS FOR A PARTICULAR PURPOSE.

configure:13465: $? = 0
configure:13454: g++ -v >&5
Using built-in specs.
COLLECT_GCC=g++
COLLECT_LTO_WRAPPER=/usr/lib/gcc/x86_64-linux-gnu/12/lto-wrapper
OFFLOAD_TARGET_NAMES=nvptx-none:amdgcn-amdhsa
OFFLOAD_TARGET_DEFAULT=1
Target: x86_64-linux-gnu
Configured with: ../src/configure -v --with-pkgversion='Ubuntu 12.3.0-1ubuntu1~23.04' --with-bugurl=file:///usr/share/doc/gcc-12/README.Bugs --enable-languages=c,ada,c++,go,d,fortran,objc,obj-c++,m2 --prefix=/usr --with-gcc-major-version-only --program-suffix=-12 --program-prefix=x86_64-linux-gnu- --enable-shared --enable-linker-build-id --libexecdir=/usr/lib --without-included-gettext --enable-threads=posix --libdir=/usr/lib --enable-nls --enable-clocale=gnu --enable-libstdcxx-debug --enable-libstdcxx-time=yes --with-default-libstdcxx-abi=new --enable-gnu-unique-object --disable-vtable-verify --enable-plugin --enable-default-pie --with-system-zlib --enable-libphobos-checking=release --with-target-system-zlib=auto --enable-objc-gc=auto --enable-multiarch --disable-werror --enable-cet --with-arch-32=i686 --with-abi=m64 --with-multilib-list=m32,m64,mx32 --enable-multilib --with-tune=generic --enable-offload-targets=nvptx-none=/build/gcc-12-DAPbBt/gcc-12-12.3.0/debian/tmp-nvptx/usr,amdgcn-amdhsa=/build/gcc-12-DAPbBt/gcc-12-12.3.0/debian/tmp-gcn/usr --enable-offload-defaulted --without-cuda-driver --enable-checking=release --build=x86_64-linux-gnu --host=x86_64-linux-gnu --target=x86_64-linux-gnu
Thread model: posix
Supported LTO compression algorithms: zlib zstd
gcc version 12.3.0 (Ubuntu 12.3.0-1ubuntu1~23.04) 
... rest of stderr output deleted ...
configure:13465: $? = 0
configure:13454: g++ -V >&5
g++: error: unrecognized command-line option '-V'
g++: fatal error: no input files
compilation terminated.
configure:13465: $? = 1
configure:13454: g++ -qversion >&5
g++: error: unrecognized command-line option '-qversion'; did you mean '--version'?
g++: fatal error: no input files
compilation terminated.
configure:13465: $? = 1
configure:13469: checking whether the compiler supports GNU C++
configure:13489: g++ -c   conftest.cpp >&5
configure:13489: $? = 0
configure:13499: result: yes
configure:13510: checking whether g++ accepts -g
configure:13531: g++ -c -g  conftest.cpp >&5
configure:13531: $? = 0
configure:13575: result: yes
configure:13595: checking for g++ option to enable C++11 features
configure:13610: g++  -c -g -O2  conftest.cpp >&5
conftest.cpp: In function 'int main(int, char**)':
conftest.cpp:189:25: warning: empty parentheses were disambiguated as a function declaration [-Wvexing-parse]
  189 |   cxx11test::delegate d2();
      |                         ^~
conftest.cpp:189:25: note: remove parentheses to default-initialize a variable
  189 |   cxx11test::delegate d2();
      |                         ^~
      |                         --
conftest.cpp:189:25: note: or replace parentheses with braces to value-initialize a variable
configure:13610: $? = 0
configure:13628: result: none needed
configure:13710: checking how to run the C++ preprocessor
configure:13732: g++ -E  conftest.cpp
configure:13732: $? = 0
configure:13747: g++ -E  conftest.cpp
conftest.cpp:23:10: fatal error: ac_nonexistent.h: No such file or directory
   23 | #include <ac_nonexistent.h>
      |          ^~~~~~~~~~~~~~~~~~
compilation terminated.
configure:13747: $? = 1
configure: failed program was:
| /* confdefs.h */
| #define PACKAGE_NAME "liboqs"
| #define PACKAGE_TARNAME "liboqs"
| #define PACKAGE_VERSION "1.0.0"
| #define PACKAGE_STRING "liboqs 1.0.0"
| #define PACKAGE_BUGREPORT ""
| #define PACKAGE_URL ""
| #define HAVE_STDIO_H 1
| #define HAVE_STDLIB_H 1
| #define HAVE_STRING_H 1
| #define HAVE_INTTYPES_H 1
| #define HAVE_STDINT_H 1
| #define HAVE_STRINGS_H 1
| #define HAVE_SYS_STAT_H 1
| #define HAVE_SYS_TYPES_H 1
| #define HAVE_UNISTD_H 1
| #define STDC_HEADERS 1
| #define HAVE_DLFCN_H 1
| #define LT_OBJDIR ".libs/"
| #define PACKAGE "liboqs"
| #define VERSION "1.0.0"
| /* end confdefs.h.  */
| #include <ac_nonexistent.h>
configure:13774: result: g++ -E
configure:13788: g++ -E  conftest.cpp
configure:13788: $? = 0
configure:13803: g++ -E  conftest.cpp
conftest.cpp:23:10: fatal error: ac_nonexistent.h: No such file or directory
   23 | #include <ac_nonexistent.h>
      |          ^~~~~~~~~~~~~~~~~~
compilation terminated.
configure:13803: $? = 1
configure: failed program was:
| /* confdefs.h */
| #define PACKAGE_NAME "liboqs"
| #define PACKAGE_TARNAME "liboqs"
| #define PACKAGE_VERSION "1.0.0"
| #define PACKAGE_STRING "liboqs 1.0.0"
| #define PACKAGE_BUGREPORT ""
| #define PACKAGE_URL ""
| #define HAVE_STDIO_H 1
| #define HAVE_STDLIB_H 1
| #define HAVE_STRING_H 1
| #define HAVE_INTTYPES_H 1
| #define HAVE_STDINT_H 1
| #define HAVE_STRINGS_H 1
| #define HAVE_SYS_STAT_H 1
| #define HAVE_SYS_TYPES_H 1
| #define HAVE_UNISTD_H 1
| #define STDC_HEADERS 1
| #define HAVE_DLFCN_H 1
| #define LT_OBJDIR ".libs/"
| #define PACKAGE "liboqs"
| #define VERSION "1.0.0"
| /* end confdefs.h.  */
| #include <ac_nonexistent.h>
configure:13968: checking for ld used by g++
configure:14036: result: /bin/ld -m elf_x86_64
configure:14043: checking if the linker (/bin/ld -m elf_x86_64) is GNU ld
configure:14059: result: yes
configure:14114: checking whether the g++ linker (/bin/ld -m elf_x86_64) supports shared libraries
configure:15192: result: yes
configure:15228: g++ -c -g -O2  conftest.cpp >&5
configure:15231: $? = 0
configure:15712: checking for g++ option to produce PIC
configure:15720: result: -fPIC -DPIC
configure:15728: checking if g++ PIC flag -fPIC -DPIC works
configure:15747: g++ -c -g -O2  -fPIC -DPIC -DPIC conftest.cpp >&5
configure:15751: $? = 0
configure:15764: result: yes
configure:15787: checking if g++ static flag -static works
configure:15816: result: yes
configure:15828: checking if g++ supports -c -o file.o
configure:15850: g++ -c -g -O2  -o out/conftest2.o conftest.cpp >&5
configure:15854: $? = 0
configure:15876: result: yes
configure:15881: checking if g++ supports -c -o file.o
configure:15929: result: yes
configure:15959: checking whether the g++ linker (/bin/ld -m elf_x86_64) supports shared libraries
configure:16002: result: yes
configure:16144: checking dynamic linker characteristics
configure:16904: result: GNU/Linux ld.so
configure:16969: checking how to hardcode library paths into programs
configure:16994: result: immediate
configure:17087: checking for gcc
configure:17119: result: gcc
configure:17472: checking for C compiler version
configure:17481: gcc --version >&5
gcc (Ubuntu 12.3.0-1ubuntu1~23.04) 12.3.0
Copyright (C) 2022 Free Software Foundation, Inc.
This is free software; see the source for copying conditions.  There is NO
warranty; not even for MERCHANTABILITY or FITNESS FOR A PARTICULAR PURPOSE.

configure:17492: $? = 0
configure:17481: gcc -v >&5
Using built-in specs.
COLLECT_GCC=gcc
COLLECT_LTO_WRAPPER=/usr/lib/gcc/x86_64-linux-gnu/12/lto-wrapper
OFFLOAD_TARGET_NAMES=nvptx-none:amdgcn-amdhsa
OFFLOAD_TARGET_DEFAULT=1
Target: x86_64-linux-gnu
Configured with: ../src/configure -v --with-pkgversion='Ubuntu 12.3.0-1ubuntu1~23.04' --with-bugurl=file:///usr/share/doc/gcc-12/README.Bugs --enable-languages=c,ada,c++,go,d,fortran,objc,obj-c++,m2 --prefix=/usr --with-gcc-major-version-only --program-suffix=-12 --program-prefix=x86_64-linux-gnu- --enable-shared --enable-linker-build-id --libexecdir=/usr/lib --without-included-gettext --enable-threads=posix --libdir=/usr/lib --enable-nls --enable-clocale=gnu --enable-libstdcxx-debug --enable-libstdcxx-time=yes --with-default-libstdcxx-abi=new --enable-gnu-unique-object --disable-vtable-verify --enable-plugin --enable-default-pie --with-system-zlib --enable-libphobos-checking=release --with-target-system-zlib=auto --enable-objc-gc=auto --enable-multiarch --disable-werror --enable-cet --with-arch-32=i686 --with-abi=m64 --with-multilib-list=m32,m64,mx32 --enable-multilib --with-tune=generic --enable-offload-targets=nvptx-none=/build/gcc-12-DAPbBt/gcc-12-12.3.0/debian/tmp-nvptx/usr,amdgcn-amdhsa=/build/gcc-12-DAPbBt/gcc-12-12.3.0/debian/tmp-gcn/usr --enable-offload-defaulted --without-cuda-driver --enable-checking=release --build=x86_64-linux-gnu --host=x86_64-linux-gnu --target=x86_64-linux-gnu
Thread model: posix
Supported LTO compression algorithms: zlib zstd
gcc version 12.3.0 (Ubuntu 12.3.0-1ubuntu1~23.04) 
... rest of stderr output deleted ...
configure:17492: $? = 0
configure:17481: gcc -V >&5
gcc: error: unrecognized command-line option '-V'
gcc: fatal error: no input files
compilation terminated.
configure:17492: $? = 1
configure:17481: gcc -qversion >&5
gcc: error: unrecognized command-line option '-qversion'; did you mean '--version'?
gcc: fatal error: no input files
compilation terminated.
configure:17492: $? = 1
configure:17481: gcc -version >&5
gcc: error: unrecognized command-line option '-version'
gcc: fatal error: no input files
compilation terminated.
configure:17492: $? = 1
configure:17496: checking whether the compiler supports GNU C
configure:17526: result: yes
configure:17537: checking whether gcc accepts -g
configure:17602: result: yes
configure:17622: checking for gcc option to enable C11 features
configure:17655: result: none needed
configure:17771: checking whether gcc understands -c and -o together
configure:17809: result: yes
configure:17827: checking whether ln -s works
configure:17831: result: yes
configure:17838: checking whether make sets $(MAKE)
configure:17861: result: yes
configure:17941: checking for fcntl.h
configure:17941: gcc -c -g -O2  conftest.c >&5
configure:17941: $? = 0
configure:17941: result: yes
configure:17947: checking for inttypes.h
configure:17947: result: yes
configure:17953: checking for limits.h
configure:17953: gcc -c -g -O2  conftest.c >&5
configure:17953: $? = 0
configure:17953: result: yes
configure:17959: checking for stddef.h
configure:17959: gcc -c -g -O2  conftest.c >&5
configure:17959: $? = 0
configure:17959: result: yes
configure:17965: checking for stdint.h
configure:17965: result: yes
configure:17971: checking for stdlib.h
configure:17971: result: yes
configure:17977: checking for string.h
configure:17977: result: yes
configure:17983: checking for strings.h
configure:17983: result: yes
configure:17989: checking for sys/time.h
configure:17989: gcc -c -g -O2  conftest.c >&5
configure:17989: $? = 0
configure:17989: result: yes
configure:17995: checking for unistd.h
configure:17995: result: yes
configure:18004: checking for _Bool
configure:18004: gcc -c -g -O2  conftest.c >&5
configure:18004: $? = 0
configure:18004: gcc -c -g -O2  conftest.c >&5
conftest.c: In function 'main':
conftest.c:65:20: error: expected expression before ')' token
   65 | if (sizeof ((_Bool)))
      |                    ^
configure:18004: $? = 1
configure: failed program was:
| /* confdefs.h */
| #define PACKAGE_NAME "liboqs"
| #define PACKAGE_TARNAME "liboqs"
| #define PACKAGE_VERSION "1.0.0"
| #define PACKAGE_STRING "liboqs 1.0.0"
| #define PACKAGE_BUGREPORT ""
| #define PACKAGE_URL ""
| #define HAVE_STDIO_H 1
| #define HAVE_STDLIB_H 1
| #define HAVE_STRING_H 1
| #define HAVE_INTTYPES_H 1
| #define HAVE_STDINT_H 1
| #define HAVE_STRINGS_H 1
| #define HAVE_SYS_STAT_H 1
| #define HAVE_SYS_TYPES_H 1
| #define HAVE_UNISTD_H 1
| #define STDC_HEADERS 1
| #define HAVE_DLFCN_H 1
| #define LT_OBJDIR ".libs/"
| #define PACKAGE "liboqs"
| #define VERSION "1.0.0"
| #define OPENSSLDIR /usr/lib/ssl
| #define HAVE_FCNTL_H 1
| #define HAVE_INTTYPES_H 1
| #define HAVE_LIMITS_H 1
| #define HAVE_STDDEF_H 1
| #define HAVE_STDINT_H 1
| #define HAVE_STDLIB_H 1
| #define HAVE_STRING_H 1
| #define HAVE_STRINGS_H 1
| #define HAVE_SYS_TIME_H 1
| #define HAVE_UNISTD_H 1
| /* end confdefs.h.  */
| #include <stddef.h>
| #ifdef HAVE_STDIO_H
| # include <stdio.h>
| #endif
| #ifdef HAVE_STDLIB_H
| # include <stdlib.h>
| #endif
| #ifdef HAVE_STRING_H
| # include <string.h>
| #endif
| #ifdef HAVE_INTTYPES_H
| # include <inttypes.h>
| #endif
| #ifdef HAVE_STDINT_H
| # include <stdint.h>
| #endif
| #ifdef HAVE_STRINGS_H
| # include <strings.h>
| #endif
| #ifdef HAVE_SYS_TYPES_H
| # include <sys/types.h>
| #endif
| #ifdef HAVE_SYS_STAT_H
| # include <sys/stat.h>
| #endif
| #ifdef HAVE_UNISTD_H
| # include <unistd.h>
| #endif
| int
| main (void)
| {
| if (sizeof ((_Bool)))
| 	    return 0;
|   ;
|   return 0;
| }
configure:18004: result: yes
configure:18013: checking for stdbool.h that conforms to C99
configure:18129: gcc -c -g -O2  conftest.c >&5
configure:18129: $? = 0
configure:18137: result: yes
configure:18140: checking for inline
configure:18157: gcc -c -g -O2  conftest.c >&5
configure:18157: $? = 0
configure:18166: result: inline
configure:18184: checking for int16_t
configure:18184: gcc -c -g -O2  conftest.c >&5
configure:18184: $? = 0
configure:18184: gcc -c -g -O2  conftest.c >&5
conftest.c: In function 'main':
conftest.c:67:12: error: size of array 'test_array' is negative
   67 | static int test_array [1 - 2 * !((int16_t) (((((int16_t) 1 << N) << N) - 1) * 2 + 1)
      |            ^~~~~~~~~~
configure:18184: $? = 1
configure: failed program was:
| /* confdefs.h */
| #define PACKAGE_NAME "liboqs"
| #define PACKAGE_TARNAME "liboqs"
| #define PACKAGE_VERSION "1.0.0"
| #define PACKAGE_STRING "liboqs 1.0.0"
| #define PACKAGE_BUGREPORT ""
| #define PACKAGE_URL ""
| #define HAVE_STDIO_H 1
| #define HAVE_STDLIB_H 1
| #define HAVE_STRING_H 1
| #define HAVE_INTTYPES_H 1
| #define HAVE_STDINT_H 1
| #define HAVE_STRINGS_H 1
| #define HAVE_SYS_STAT_H 1
| #define HAVE_SYS_TYPES_H 1
| #define HAVE_UNISTD_H 1
| #define STDC_HEADERS 1
| #define HAVE_DLFCN_H 1
| #define LT_OBJDIR ".libs/"
| #define PACKAGE "liboqs"
| #define VERSION "1.0.0"
| #define OPENSSLDIR /usr/lib/ssl
| #define HAVE_FCNTL_H 1
| #define HAVE_INTTYPES_H 1
| #define HAVE_LIMITS_H 1
| #define HAVE_STDDEF_H 1
| #define HAVE_STDINT_H 1
| #define HAVE_STDLIB_H 1
| #define HAVE_STRING_H 1
| #define HAVE_STRINGS_H 1
| #define HAVE_SYS_TIME_H 1
| #define HAVE_UNISTD_H 1
| #define HAVE__BOOL 1
| /* end confdefs.h.  */
| #include <stddef.h>
| #ifdef HAVE_STDIO_H
| # include <stdio.h>
| #endif
| #ifdef HAVE_STDLIB_H
| # include <stdlib.h>
| #endif
| #ifdef HAVE_STRING_H
| # include <string.h>
| #endif
| #ifdef HAVE_INTTYPES_H
| # include <inttypes.h>
| #endif
| #ifdef HAVE_STDINT_H
| # include <stdint.h>
| #endif
| #ifdef HAVE_STRINGS_H
| # include <strings.h>
| #endif
| #ifdef HAVE_SYS_TYPES_H
| # include <sys/types.h>
| #endif
| #ifdef HAVE_SYS_STAT_H
| # include <sys/stat.h>
| #endif
| #ifdef HAVE_UNISTD_H
| # include <unistd.h>
| #endif
| 	        enum { N = 16 / 2 - 1 };
| int
| main (void)
| {
| static int test_array [1 - 2 * !((int16_t) (((((int16_t) 1 << N) << N) - 1) * 2 + 1)
| 		 < (int16_t) (((((int16_t) 1 << N) << N) - 1) * 2 + 2))];
| test_array [0] = 0;
| return test_array [0];
| 
|   ;
|   return 0;
| }
configure:18184: result: yes
configure:18193: checking for int32_t
configure:18193: gcc -c -g -O2  conftest.c >&5
configure:18193: $? = 0
configure:18193: gcc -c -g -O2  conftest.c >&5
conftest.c: In function 'main':
conftest.c:68:67: warning: integer overflow in expression of type 'int' results in '-2147483648' [-Woverflow]
   68 |                  < (int32_t) (((((int32_t) 1 << N) << N) - 1) * 2 + 2))];
      |                                                                   ^
conftest.c:67:12: error: storage size of 'test_array' isn't constant
   67 | static int test_array [1 - 2 * !((int32_t) (((((int32_t) 1 << N) << N) - 1) * 2 + 1)
      |            ^~~~~~~~~~
configure:18193: $? = 1
configure: failed program was:
| /* confdefs.h */
| #define PACKAGE_NAME "liboqs"
| #define PACKAGE_TARNAME "liboqs"
| #define PACKAGE_VERSION "1.0.0"
| #define PACKAGE_STRING "liboqs 1.0.0"
| #define PACKAGE_BUGREPORT ""
| #define PACKAGE_URL ""
| #define HAVE_STDIO_H 1
| #define HAVE_STDLIB_H 1
| #define HAVE_STRING_H 1
| #define HAVE_INTTYPES_H 1
| #define HAVE_STDINT_H 1
| #define HAVE_STRINGS_H 1
| #define HAVE_SYS_STAT_H 1
| #define HAVE_SYS_TYPES_H 1
| #define HAVE_UNISTD_H 1
| #define STDC_HEADERS 1
| #define HAVE_DLFCN_H 1
| #define LT_OBJDIR ".libs/"
| #define PACKAGE "liboqs"
| #define VERSION "1.0.0"
| #define OPENSSLDIR /usr/lib/ssl
| #define HAVE_FCNTL_H 1
| #define HAVE_INTTYPES_H 1
| #define HAVE_LIMITS_H 1
| #define HAVE_STDDEF_H 1
| #define HAVE_STDINT_H 1
| #define HAVE_STDLIB_H 1
| #define HAVE_STRING_H 1
| #define HAVE_STRINGS_H 1
| #define HAVE_SYS_TIME_H 1
| #define HAVE_UNISTD_H 1
| #define HAVE__BOOL 1
| /* end confdefs.h.  */
| #include <stddef.h>
| #ifdef HAVE_STDIO_H
| # include <stdio.h>
| #endif
| #ifdef HAVE_STDLIB_H
| # include <stdlib.h>
| #endif
| #ifdef HAVE_STRING_H
| # include <string.h>
| #endif
| #ifdef HAVE_INTTYPES_H
| # include <inttypes.h>
| #endif
| #ifdef HAVE_STDINT_H
| # include <stdint.h>
| #endif
| #ifdef HAVE_STRINGS_H
| # include <strings.h>
| #endif
| #ifdef HAVE_SYS_TYPES_H
| # include <sys/types.h>
| #endif
| #ifdef HAVE_SYS_STAT_H
| # include <sys/stat.h>
| #endif
| #ifdef HAVE_UNISTD_H
| # include <unistd.h>
| #endif
| 	        enum { N = 32 / 2 - 1 };
| int
| main (void)
| {
| static int test_array [1 - 2 * !((int32_t) (((((int32_t) 1 << N) << N) - 1) * 2 + 1)
| 		 < (int32_t) (((((int32_t) 1 << N) << N) - 1) * 2 + 2))];
| test_array [0] = 0;
| return test_array [0];
| 
|   ;
|   return 0;
| }
configure:18193: result: yes
configure:18202: checking for int64_t
configure:18202: gcc -c -g -O2  conftest.c >&5
configure:18202: $? = 0
configure:18202: gcc -c -g -O2  conftest.c >&5
conftest.c: In function 'main':
conftest.c:68:67: warning: integer overflow in expression of type 'long int' results in '-9223372036854775808' [-Woverflow]
   68 |                  < (int64_t) (((((int64_t) 1 << N) << N) - 1) * 2 + 2))];
      |                                                                   ^
conftest.c:67:12: error: storage size of 'test_array' isn't constant
   67 | static int test_array [1 - 2 * !((int64_t) (((((int64_t) 1 << N) << N) - 1) * 2 + 1)
      |            ^~~~~~~~~~
configure:18202: $? = 1
configure: failed program was:
| /* confdefs.h */
| #define PACKAGE_NAME "liboqs"
| #define PACKAGE_TARNAME "liboqs"
| #define PACKAGE_VERSION "1.0.0"
| #define PACKAGE_STRING "liboqs 1.0.0"
| #define PACKAGE_BUGREPORT ""
| #define PACKAGE_URL ""
| #define HAVE_STDIO_H 1
| #define HAVE_STDLIB_H 1
| #define HAVE_STRING_H 1
| #define HAVE_INTTYPES_H 1
| #define HAVE_STDINT_H 1
| #define HAVE_STRINGS_H 1
| #define HAVE_SYS_STAT_H 1
| #define HAVE_SYS_TYPES_H 1
| #define HAVE_UNISTD_H 1
| #define STDC_HEADERS 1
| #define HAVE_DLFCN_H 1
| #define LT_OBJDIR ".libs/"
| #define PACKAGE "liboqs"
| #define VERSION "1.0.0"
| #define OPENSSLDIR /usr/lib/ssl
| #define HAVE_FCNTL_H 1
| #define HAVE_INTTYPES_H 1
| #define HAVE_LIMITS_H 1
| #define HAVE_STDDEF_H 1
| #define HAVE_STDINT_H 1
| #define HAVE_STDLIB_H 1
| #define HAVE_STRING_H 1
| #define HAVE_STRINGS_H 1
| #define HAVE_SYS_TIME_H 1
| #define HAVE_UNISTD_H 1
| #define HAVE__BOOL 1
| /* end confdefs.h.  */
| #include <stddef.h>
| #ifdef HAVE_STDIO_H
| # include <stdio.h>
| #endif
| #ifdef HAVE_STDLIB_H
| # include <stdlib.h>
| #endif
| #ifdef HAVE_STRING_H
| # include <string.h>
| #endif
| #ifdef HAVE_INTTYPES_H
| # include <inttypes.h>
| #endif
| #ifdef HAVE_STDINT_H
| # include <stdint.h>
| #endif
| #ifdef HAVE_STRINGS_H
| # include <strings.h>
| #endif
| #ifdef HAVE_SYS_TYPES_H
| # include <sys/types.h>
| #endif
| #ifdef HAVE_SYS_STAT_H
| # include <sys/stat.h>
| #endif
| #ifdef HAVE_UNISTD_H
| # include <unistd.h>
| #endif
| 	        enum { N = 64 / 2 - 1 };
| int
| main (void)
| {
| static int test_array [1 - 2 * !((int64_t) (((((int64_t) 1 << N) << N) - 1) * 2 + 1)
| 		 < (int64_t) (((((int64_t) 1 << N) << N) - 1) * 2 + 2))];
| test_array [0] = 0;
| return test_array [0];
| 
|   ;
|   return 0;
| }
configure:18202: result: yes
configure:18211: checking for int8_t
configure:18211: gcc -c -g -O2  conftest.c >&5
configure:18211: $? = 0
configure:18211: gcc -c -g -O2  conftest.c >&5
conftest.c: In function 'main':
conftest.c:67:12: error: size of array 'test_array' is negative
   67 | static int test_array [1 - 2 * !((int8_t) (((((int8_t) 1 << N) << N) - 1) * 2 + 1)
      |            ^~~~~~~~~~
configure:18211: $? = 1
configure: failed program was:
| /* confdefs.h */
| #define PACKAGE_NAME "liboqs"
| #define PACKAGE_TARNAME "liboqs"
| #define PACKAGE_VERSION "1.0.0"
| #define PACKAGE_STRING "liboqs 1.0.0"
| #define PACKAGE_BUGREPORT ""
| #define PACKAGE_URL ""
| #define HAVE_STDIO_H 1
| #define HAVE_STDLIB_H 1
| #define HAVE_STRING_H 1
| #define HAVE_INTTYPES_H 1
| #define HAVE_STDINT_H 1
| #define HAVE_STRINGS_H 1
| #define HAVE_SYS_STAT_H 1
| #define HAVE_SYS_TYPES_H 1
| #define HAVE_UNISTD_H 1
| #define STDC_HEADERS 1
| #define HAVE_DLFCN_H 1
| #define LT_OBJDIR ".libs/"
| #define PACKAGE "liboqs"
| #define VERSION "1.0.0"
| #define OPENSSLDIR /usr/lib/ssl
| #define HAVE_FCNTL_H 1
| #define HAVE_INTTYPES_H 1
| #define HAVE_LIMITS_H 1
| #define HAVE_STDDEF_H 1
| #define HAVE_STDINT_H 1
| #define HAVE_STDLIB_H 1
| #define HAVE_STRING_H 1
| #define HAVE_STRINGS_H 1
| #define HAVE_SYS_TIME_H 1
| #define HAVE_UNISTD_H 1
| #define HAVE__BOOL 1
| /* end confdefs.h.  */
| #include <stddef.h>
| #ifdef HAVE_STDIO_H
| # include <stdio.h>
| #endif
| #ifdef HAVE_STDLIB_H
| # include <stdlib.h>
| #endif
| #ifdef HAVE_STRING_H
| # include <string.h>
| #endif
| #ifdef HAVE_INTTYPES_H
| # include <inttypes.h>
| #endif
| #ifdef HAVE_STDINT_H
| # include <stdint.h>
| #endif
| #ifdef HAVE_STRINGS_H
| # include <strings.h>
| #endif
| #ifdef HAVE_SYS_TYPES_H
| # include <sys/types.h>
| #endif
| #ifdef HAVE_SYS_STAT_H
| # include <sys/stat.h>
| #endif
| #ifdef HAVE_UNISTD_H
| # include <unistd.h>
| #endif
| 	        enum { N = 8 / 2 - 1 };
| int
| main (void)
| {
| static int test_array [1 - 2 * !((int8_t) (((((int8_t) 1 << N) << N) - 1) * 2 + 1)
| 		 < (int8_t) (((((int8_t) 1 << N) << N) - 1) * 2 + 2))];
| test_array [0] = 0;
| return test_array [0];
| 
|   ;
|   return 0;
| }
configure:18211: result: yes
configure:18220: checking for size_t
configure:18220: gcc -c -g -O2  conftest.c >&5
configure:18220: $? = 0
configure:18220: gcc -c -g -O2  conftest.c >&5
conftest.c: In function 'main':
conftest.c:66:21: error: expected expression before ')' token
   66 | if (sizeof ((size_t)))
      |                     ^
configure:18220: $? = 1
configure: failed program was:
| /* confdefs.h */
| #define PACKAGE_NAME "liboqs"
| #define PACKAGE_TARNAME "liboqs"
| #define PACKAGE_VERSION "1.0.0"
| #define PACKAGE_STRING "liboqs 1.0.0"
| #define PACKAGE_BUGREPORT ""
| #define PACKAGE_URL ""
| #define HAVE_STDIO_H 1
| #define HAVE_STDLIB_H 1
| #define HAVE_STRING_H 1
| #define HAVE_INTTYPES_H 1
| #define HAVE_STDINT_H 1
| #define HAVE_STRINGS_H 1
| #define HAVE_SYS_STAT_H 1
| #define HAVE_SYS_TYPES_H 1
| #define HAVE_UNISTD_H 1
| #define STDC_HEADERS 1
| #define HAVE_DLFCN_H 1
| #define LT_OBJDIR ".libs/"
| #define PACKAGE "liboqs"
| #define VERSION "1.0.0"
| #define OPENSSLDIR /usr/lib/ssl
| #define HAVE_FCNTL_H 1
| #define HAVE_INTTYPES_H 1
| #define HAVE_LIMITS_H 1
| #define HAVE_STDDEF_H 1
| #define HAVE_STDINT_H 1
| #define HAVE_STDLIB_H 1
| #define HAVE_STRING_H 1
| #define HAVE_STRINGS_H 1
| #define HAVE_SYS_TIME_H 1
| #define HAVE_UNISTD_H 1
| #define HAVE__BOOL 1
| /* end confdefs.h.  */
| #include <stddef.h>
| #ifdef HAVE_STDIO_H
| # include <stdio.h>
| #endif
| #ifdef HAVE_STDLIB_H
| # include <stdlib.h>
| #endif
| #ifdef HAVE_STRING_H
| # include <string.h>
| #endif
| #ifdef HAVE_INTTYPES_H
| # include <inttypes.h>
| #endif
| #ifdef HAVE_STDINT_H
| # include <stdint.h>
| #endif
| #ifdef HAVE_STRINGS_H
| # include <strings.h>
| #endif
| #ifdef HAVE_SYS_TYPES_H
| # include <sys/types.h>
| #endif
| #ifdef HAVE_SYS_STAT_H
| # include <sys/stat.h>
| #endif
| #ifdef HAVE_UNISTD_H
| # include <unistd.h>
| #endif
| int
| main (void)
| {
| if (sizeof ((size_t)))
| 	    return 0;
|   ;
|   return 0;
| }
configure:18220: result: yes
configure:18230: checking for uint16_t
configure:18230: gcc -c -g -O2  conftest.c >&5
configure:18230: $? = 0
configure:18230: result: yes
configure:18240: checking for uint32_t
configure:18240: gcc -c -g -O2  conftest.c >&5
configure:18240: $? = 0
configure:18240: result: yes
configure:18252: checking for uint64_t
configure:18252: gcc -c -g -O2  conftest.c >&5
configure:18252: $? = 0
configure:18252: result: yes
configure:18264: checking for uint8_t
configure:18264: gcc -c -g -O2  conftest.c >&5
configure:18264: $? = 0
configure:18264: result: yes
configure:18278: checking for GNU libc compatible malloc
configure:18310: gcc -o conftest -g -O2   conftest.c  >&5
configure:18310: $? = 0
configure:18310: ./conftest
configure:18310: $? = 0
configure:18321: result: yes
configure:18343: checking for gettimeofday
configure:18343: gcc -o conftest -g -O2   conftest.c  >&5
configure:18343: $? = 0
configure:18343: result: yes
configure:18349: checking for memmove
configure:18349: gcc -o conftest -g -O2   conftest.c  >&5
conftest.c:53:6: warning: conflicting types for built-in function 'memmove'; expected 'void *(void *, const void *, long unsigned int)' [-Wbuiltin-declaration-mismatch]
   53 | char memmove ();
      |      ^~~~~~~
conftest.c:45:1: note: 'memmove' is declared in header '<string.h>'
   44 | #include <limits.h>
   45 | #undef memmove
configure:18349: $? = 0
configure:18349: result: yes
configure:18355: checking for memset
configure:18355: gcc -o conftest -g -O2   conftest.c  >&5
conftest.c:54:6: warning: conflicting types for built-in function 'memset'; expected 'void *(void *, int,  long unsigned int)' [-Wbuiltin-declaration-mismatch]
   54 | char memset ();
      |      ^~~~~~
conftest.c:46:1: note: 'memset' is declared in header '<string.h>'
   45 | #include <limits.h>
   46 | #undef memset
configure:18355: $? = 0
configure:18355: result: yes
configure:18361: checking for pow
configure:18361: gcc -o conftest -g -O2   conftest.c  >&5
conftest.c:55:6: warning: conflicting types for built-in function 'pow'; expected 'double(double,  double)' [-Wbuiltin-declaration-mismatch]
   55 | char pow ();
      |      ^~~
conftest.c:47:1: note: 'pow' is declared in header '<math.h>'
   46 | #include <limits.h>
   47 | #undef pow
/bin/ld: /tmp/ccg5XyYO.o: in function `main':
/home/user/liboqs/conftest.c:66: undefined reference to `pow'
collect2: error: ld returned 1 exit status
configure:18361: $? = 1
configure: failed program was:
| /* confdefs.h */
| #define PACKAGE_NAME "liboqs"
| #define PACKAGE_TARNAME "liboqs"
| #define PACKAGE_VERSION "1.0.0"
| #define PACKAGE_STRING "liboqs 1.0.0"
| #define PACKAGE_BUGREPORT ""
| #define PACKAGE_URL ""
| #define HAVE_STDIO_H 1
| #define HAVE_STDLIB_H 1
| #define HAVE_STRING_H 1
| #define HAVE_INTTYPES_H 1
| #define HAVE_STDINT_H 1
| #define HAVE_STRINGS_H 1
| #define HAVE_SYS_STAT_H 1
| #define HAVE_SYS_TYPES_H 1
| #define HAVE_UNISTD_H 1
| #define STDC_HEADERS 1
| #define HAVE_DLFCN_H 1
| #define LT_OBJDIR ".libs/"
| #define PACKAGE "liboqs"
| #define VERSION "1.0.0"
| #define OPENSSLDIR /usr/lib/ssl
| #define HAVE_FCNTL_H 1
| #define HAVE_INTTYPES_H 1
| #define HAVE_LIMITS_H 1
| #define HAVE_STDDEF_H 1
| #define HAVE_STDINT_H 1
| #define HAVE_STDLIB_H 1
| #define HAVE_STRING_H 1
| #define HAVE_STRINGS_H 1
| #define HAVE_SYS_TIME_H 1
| #define HAVE_UNISTD_H 1
| #define HAVE__BOOL 1
| #define HAVE_MALLOC 1
| #define HAVE_GETTIMEOFDAY 1
| #define HAVE_MEMMOVE 1
| #define HAVE_MEMSET 1
| /* end confdefs.h.  */
| /* Define pow to an innocuous variant, in case <limits.h> declares pow.
|    For example, HP-UX 11i <limits.h> declares gettimeofday.  */
| #define pow innocuous_pow
| 
| /* System header to define __stub macros and hopefully few prototypes,
|    which can conflict with char pow (); below.  */
| 
| #include <limits.h>
| #undef pow
| 
| /* Override any GCC internal prototype to avoid an error.
|    Use char because int might match the return type of a GCC
|    builtin and then its argument prototype would still apply.  */
| #ifdef __cplusplus
| extern "C"
| #endif
| char pow ();
| /* The GNU C library defines this for functions which it implements
|     to always fail with ENOSYS.  Some functions are actually named
|     something starting with __ and the normal name is an alias.  */
| #if defined __stub_pow || defined __stub___pow
| choke me
| #endif
| 
| int
| main (void)
| {
| return pow ();
|   ;
|   return 0;
| }
configure:18361: result: no
configure:18367: checking for sqrt
configure:18367: gcc -o conftest -g -O2   conftest.c  >&5
conftest.c:55:6: warning: conflicting types for built-in function 'sqrt'; expected 'double(double)' [-Wbuiltin-declaration-mismatch]
   55 | char sqrt ();
      |      ^~~~
conftest.c:47:1: note: 'sqrt' is declared in header '<math.h>'
   46 | #include <limits.h>
   47 | #undef sqrt
/bin/ld: /tmp/ccjXkO0k.o: in function `main':
/home/user/liboqs/conftest.c:66: undefined reference to `sqrt'
collect2: error: ld returned 1 exit status
configure:18367: $? = 1
configure: failed program was:
| /* confdefs.h */
| #define PACKAGE_NAME "liboqs"
| #define PACKAGE_TARNAME "liboqs"
| #define PACKAGE_VERSION "1.0.0"
| #define PACKAGE_STRING "liboqs 1.0.0"
| #define PACKAGE_BUGREPORT ""
| #define PACKAGE_URL ""
| #define HAVE_STDIO_H 1
| #define HAVE_STDLIB_H 1
| #define HAVE_STRING_H 1
| #define HAVE_INTTYPES_H 1
| #define HAVE_STDINT_H 1
| #define HAVE_STRINGS_H 1
| #define HAVE_SYS_STAT_H 1
| #define HAVE_SYS_TYPES_H 1
| #define HAVE_UNISTD_H 1
| #define STDC_HEADERS 1
| #define HAVE_DLFCN_H 1
| #define LT_OBJDIR ".libs/"
| #define PACKAGE "liboqs"
| #define VERSION "1.0.0"
| #define OPENSSLDIR /usr/lib/ssl
| #define HAVE_FCNTL_H 1
| #define HAVE_INTTYPES_H 1
| #define HAVE_LIMITS_H 1
| #define HAVE_STDDEF_H 1
| #define HAVE_STDINT_H 1
| #define HAVE_STDLIB_H 1
| #define HAVE_STRING_H 1
| #define HAVE_STRINGS_H 1
| #define HAVE_SYS_TIME_H 1
| #define HAVE_UNISTD_H 1
| #define HAVE__BOOL 1
| #define HAVE_MALLOC 1
| #define HAVE_GETTIMEOFDAY 1
| #define HAVE_MEMMOVE 1
| #define HAVE_MEMSET 1
| /* end confdefs.h.  */
| /* Define sqrt to an innocuous variant, in case <limits.h> declares sqrt.
|    For example, HP-UX 11i <limits.h> declares gettimeofday.  */
| #define sqrt innocuous_sqrt
| 
| /* System header to define __stub macros and hopefully few prototypes,
|    which can conflict with char sqrt (); below.  */
| 
| #include <limits.h>
| #undef sqrt
| 
| /* Override any GCC internal prototype to avoid an error.
|    Use char because int might match the return type of a GCC
|    builtin and then its argument prototype would still apply.  */
| #ifdef __cplusplus
| extern "C"
| #endif
| char sqrt ();
| /* The GNU C library defines this for functions which it implements
|     to always fail with ENOSYS.  Some functions are actually named
|     something starting with __ and the normal name is an alias.  */
| #if defined __stub_sqrt || defined __stub___sqrt
| choke me
| #endif
| 
| int
| main (void)
| {
| return sqrt ();
|   ;
|   return 0;
| }
configure:18367: result: no
configure:18373: checking for strdup
configure:18373: gcc -o conftest -g -O2   conftest.c  >&5
conftest.c:55:6: warning: conflicting types for built-in function 'strdup'; expected 'char *(const char *)' [-Wbuiltin-declaration-mismatch]
   55 | char strdup ();
      |      ^~~~~~
configure:18373: $? = 0
configure:18373: result: yes
configure:18384: checking size of size_t
configure:18390: gcc -o conftest -g -O2   conftest.c  >&5
configure:18390: $? = 0
configure:18390: ./conftest
configure:18390: $? = 0
configure:18405: result: 8
configure:18534: checking for doxygen
configure:18557: found /bin/doxygen
configure:18569: result: /bin/doxygen
configure:18650: checking for perl
configure:18673: found /bin/perl
configure:18685: result: /bin/perl
configure:18834: checking for dot
configure:18857: found /bin/dot
configure:18869: result: /bin/dot
configure:21160: checking that generated files are newer than configure
configure:21166: result: done
configure:21381: creating ./config.status

## ---------------------- ##
## Running config.status. ##
## ---------------------- ##

This file was extended by liboqs config.status 1.0.0, which was
generated by GNU Autoconf 2.71.  Invocation command line was

  CONFIG_FILES    = 
  CONFIG_HEADERS  = 
  CONFIG_LINKS    = 
  CONFIG_COMMANDS = 
  $ ./config.status 

on user

config.status:1296: creating Makefile
config.status:1296: creating src/common/Makefile
config.status:1296: creating src/kex/Makefile
config.status:1296: creating src/crypto/sha3/Makefile
config.status:1296: creating src/crypto/rand/Makefile
config.status:1296: creating src/crypto/rand_urandom_chacha20/Makefile
config.status:1296: creating src/crypto/rand_urandom_aesctr/Makefile
config.status:1296: creating src/crypto/aes/Makefile
config.status:1296: creating src/kex_rlwe_bcns15/Makefile
config.status:1296: creating src/kex_rlwe_newhope/Makefile
config.status:1296: creating src/kex_rlwe_msrln16/Makefile
config.status:1296: creating src/kex_sidh_msr/Makefile
config.status:1296: creating src/kex_code_mcbits/Makefile
config.status:1296: creating src/kex_ntru/Makefile
config.status:1296: creating src/kex_sidh_iqc_ref/Makefile
config.status:1296: creating src/kex_lwe_frodo/Makefile
config.status:1296: creating src/sig/Makefile
config.status:1296: creating src/sig_picnic/Makefile
config.status:1296: creating src/kex_rlwe_newhope/avx2/Makefile
config.status:1296: creating config.h
config.status:1525: executing libtool commands

## ---------------- ##
## Cache variables. ##
## ---------------- ##

ac_cv_build=x86_64-pc-linux-gnu
ac_cv_c_compiler_gnu=yes
ac_cv_c_inline=inline
ac_cv_c_int16_t=yes
ac_cv_c_int32_t=yes
ac_cv_c_int64_t=yes
ac_cv_c_int8_t=yes
ac_cv_c_uint16_t=yes
ac_cv_c_uint32_t=yes
ac_cv_c_uint64_t=yes
ac_cv_c_uint8_t=yes
ac_cv_cxx_compiler_gnu=yes
ac_cv_env_CCASFLAGS_set=
ac_cv_env_CCASFLAGS_value=
ac_cv_env_CCAS_set=
ac_cv_env_CCAS_value=
ac_cv_env_CCC_set=
ac_cv_env_CCC_value=
ac_cv_env_CC_set=
ac_cv_env_CC_value=
ac_cv_env_CFLAGS_set=
ac_cv_env_CFLAGS_value=
ac_cv_env_CPPFLAGS_set=
ac_cv_env_CPPFLAGS_value=
ac_cv_env_CXXCPP_set=
ac_cv_env_CXXCPP_value=
ac_cv_env_CXXFLAGS_set=
ac_cv_env_CXXFLAGS_value=
ac_cv_env_CXX_set=
ac_cv_env_CXX_value=
ac_cv_env_DOXYGEN_PAPER_SIZE_set=
ac_cv_env_DOXYGEN_PAPER_SIZE_value=
ac_cv_env_LDFLAGS_set=
ac_cv_env_LDFLAGS_value=
ac_cv_env_LIBS_set=
ac_cv_env_LIBS_value=
ac_cv_env_LT_SYS_LIBRARY_PATH_set=
ac_cv_env_LT_SYS_LIBRARY_PATH_value=
ac_cv_env_build_alias_set=
ac_cv_env_build_alias_value=
ac_cv_env_host_alias_set=
ac_cv_env_host_alias_value=
ac_cv_env_target_alias_set=
ac_cv_env_target_alias_value=
ac_cv_func_gettimeofday=yes
ac_cv_func_malloc_0_nonnull=yes
ac_cv_func_memmove=yes
ac_cv_func_memset=yes
ac_cv_func_pow=no
ac_cv_func_sqrt=no
ac_cv_func_strdup=yes
ac_cv_header_dlfcn_h=yes
ac_cv_header_fcntl_h=yes
ac_cv_header_inttypes_h=yes
ac_cv_header_limits_h=yes
ac_cv_header_stdbool_h=yes
ac_cv_header_stddef_h=yes
ac_cv_header_stdint_h=yes
ac_cv_header_stdio_h=yes
ac_cv_header_stdlib_h=yes
ac_cv_header_string_h=yes
ac_cv_header_strings_h=yes
ac_cv_header_sys_stat_h=yes
ac_cv_header_sys_time_h=yes
ac_cv_header_sys_types_h=yes
ac_cv_header_unistd_h=yes
ac_cv_host=x86_64-pc-linux-gnu
ac_cv_objext=o
ac_cv_path_EGREP='/bin/grep -E'
ac_cv_path_FGREP='/bin/grep -F'
ac_cv_path_GREP=/bin/grep
ac_cv_path_SED=/bin/sed
ac_cv_path_ac_pt_DX_DOT=/bin/dot
ac_cv_path_ac_pt_DX_DOXYGEN=/bin/doxygen
ac_cv_path_ac_pt_DX_PERL=/bin/perl
ac_cv_path_install='/bin/install -c'
ac_cv_path_lt_DD=/bin/dd
ac_cv_path_mkdir=/bin/mkdir
ac_cv_prog_AWK=mawk
ac_cv_prog_CXXCPP='g++ -E'
ac_cv_prog_ac_ct_AR=ar
ac_cv_prog_ac_ct_CC=gcc
ac_cv_prog_ac_ct_CXX=g++
ac_cv_prog_ac_ct_FILECMD=file
ac_cv_prog_ac_ct_MANIFEST_TOOL=mt
ac_cv_prog_ac_ct_OBJDUMP=objdump
ac_cv_prog_ac_ct_RANLIB=ranlib
ac_cv_prog_ac_ct_STRIP=strip
ac_cv_prog_cc_c11=
ac_cv_prog_cc_g=yes
ac_cv_prog_cc_stdc=
ac_cv_prog_cxx_cxx11=
ac_cv_prog_cxx_g=yes
ac_cv_prog_cxx_stdcxx=
ac_cv_prog_make_make_set=yes
ac_cv_sizeof_size_t=8
ac_cv_type__Bool=yes
ac_cv_type_size_t=yes
am_cv_make_support_nested_variables=yes
am_cv_prog_cc_c_o=yes
lt_cv_ar_at_file=@
lt_cv_deplibs_check_method=pass_all
lt_cv_file_magic_cmd='$MAGIC_CMD'
lt_cv_file_magic_test_file=
lt_cv_ld_reload_flag=-r
lt_cv_nm_interface='BSD nm'
lt_cv_objdir=.libs
lt_cv_path_LD=/bin/ld
lt_cv_path_LDCXX='/bin/ld -m elf_x86_64'
lt_cv_path_NM='/bin/nm -B'
lt_cv_path_mainfest_tool=no
lt_cv_prog_compiler_c_o=yes
lt_cv_prog_compiler_c_o_CXX=yes
lt_cv_prog_compiler_pic='-fPIC -DPIC'
lt_cv_prog_compiler_pic_CXX='-fPIC -DPIC'
lt_cv_prog_compiler_pic_works=yes
lt_cv_prog_compiler_pic_works_CXX=yes
lt_cv_prog_compiler_rtti_exceptions=no
lt_cv_prog_compiler_static_works=yes
lt_cv_prog_compiler_static_works_CXX=yes
lt_cv_prog_gnu_ld=yes
lt_cv_prog_gnu_ldcxx=yes
lt_cv_sharedlib_from_linklib_cmd='printf %s\n'
lt_cv_shlibpath_overrides_runpath=yes
lt_cv_sys_global_symbol_pipe='/bin/sed -n -e '\''s/^.*[	 ]\([ABCDGIRSTW][ABCDGIRSTW]*\)[	 ][	 ]*\([_A-Za-z][_A-Za-z0-9]*\)$/\1 \2 \2/p'\'' | /bin/sed '\''/ __gnu_lto/d'\'''
lt_cv_sys_global_symbol_to_c_name_address='/bin/sed -n -e '\''s/^: \(.*\) .*$/  {"\1", (void *) 0},/p'\'' -e '\''s/^[ABCDGIRSTW][ABCDGIRSTW]* .* \(.*\)$/  {"\1", (void *) \&\1},/p'\'''
lt_cv_sys_global_symbol_to_c_name_address_lib_prefix='/bin/sed -n -e '\''s/^: \(.*\) .*$/  {"\1", (void *) 0},/p'\'' -e '\''s/^[ABCDGIRSTW][ABCDGIRSTW]* .* \(lib.*\)$/  {"\1", (void *) \&\1},/p'\'' -e '\''s/^[ABCDGIRSTW][ABCDGIRSTW]* .* \(.*\)$/  {"lib\1", (void *) \&\1},/p'\'''
lt_cv_sys_global_symbol_to_cdecl='/bin/sed -n -e '\''s/^T .* \(.*\)$/extern int \1();/p'\'' -e '\''s/^[ABCDGIRSTW][ABCDGIRSTW]* .* \(.*\)$/extern char \1;/p'\'''
lt_cv_sys_global_symbol_to_import=
lt_cv_sys_max_cmd_len=1572864
lt_cv_to_host_file_cmd=func_convert_file_noop
lt_cv_to_tool_file_cmd=func_convert_file_noop
lt_cv_truncate_bin='/bin/dd bs=4096 count=1'

## ----------------- ##
## Output variables. ##
## ----------------- ##

ACLOCAL='${SHELL} '\''/home/user/liboqs/missing'\'' aclocal-1.16'
AMTAR='$${TAR-tar}'
AM_BACKSLASH='\'
AM_CFLAGS=''
AM_CPPFLAGS=' -DSIDH_ASM -march=x86-64 -DENABLE_KEX_LWE_FRODO -DENABLE_KEX_NTRU -DENABLE_KEX_RLWE_MSRLN16 -DENABLE_KEX_RLWE_NEWHOPE -DENABLE_KEX_SIDH_MSR -DENABLE_SIG_PICNIC -g -std=gnu11 -Wno-unused-function -Werror -Wpedantic -Wall -Wextra -DCONSTANT_TIME -DAES_ENABLE_NI -DUSE_OPENSSL'
AM_DEFAULT_V='$(AM_DEFAULT_VERBOSITY)'
AM_DEFAULT_VERBOSITY='1'
AM_V='$(V)'
AR='ar'
ARM64_FALSE=''
ARM64_TRUE='#'
ARM_FALSE=''
ARM_TRUE='#'
AUTOCONF='${SHELL} '\''/home/user/liboqs/missing'\'' autoconf'
AUTOHEADER='${SHELL} '\''/home/user/liboqs/missing'\'' autoheader'
AUTOMAKE='${SHELL} '\''/home/user/liboqs/missing'\'' automake-1.16'
AWK='mawk'
CC='gcc'
CCAS='gcc'
CCASFLAGS='-g -O2'
CFLAGS='-g -O2'
CPPFLAGS=''
CSCOPE='cscope'
CTAGS='ctags'
CXX='g++'
CXXCPP='g++ -E'
CXXFLAGS='-g -O2'
CYGPATH_W='echo'
DEFS='-DHAVE_CONFIG_H'
DLLTOOL='false'
DOXYGEN_PAPER_SIZE=''
DSYMUTIL=''
DUMPBIN=''
DX_COND_chi_FALSE=''
DX_COND_chi_TRUE='#'
DX_COND_chm_FALSE=''
DX_COND_chm_TRUE='#'
DX_COND_doc_FALSE='#'
DX_COND_doc_TRUE=''
DX_COND_dot_FALSE='#'
DX_COND_dot_TRUE=''
DX_COND_html_FALSE='#'
DX_COND_html_TRUE=''
DX_COND_latex_FALSE=''
DX_COND_latex_TRUE='#'
DX_COND_man_FALSE=''
DX_COND_man_TRUE='#'
DX_COND_pdf_FALSE=''
DX_COND_pdf_TRUE='#'
DX_COND_ps_FALSE=''
DX_COND_ps_TRUE='#'
DX_COND_rtf_FALSE=''
DX_COND_rtf_TRUE='#'
DX_COND_xml_FALSE=''
DX_COND_xml_TRUE='#'
DX_CONFIG='doxygen.cfg'
DX_DOCDIR='doxygen-doc'
DX_DOT='/bin/dot'
DX_DOXYGEN='/bin/doxygen'
DX_DVIPS=''
DX_EGREP=''
DX_ENV=' SRCDIR='\''.'\'' PROJECT='\''liboqs'\'' DOCDIR='\''doxygen-doc'\'' VERSION='\''1.0.0'\'' PERL_PATH='\''/bin/perl'\'' HAVE_DOT='\''YES'\'' DOT_PATH='\''/bin'\'' GENERATE_MAN='\''NO'\'' GENERATE_RTF='\''NO'\'' GENERATE_XML='\''NO'\'' GENERATE_HTMLHELP='\''NO'\'' GENERATE_CHI='\''NO'\'' GENERATE_HTML='\''YES'\'' GENERATE_LATEX='\''NO'\'''
DX_FLAG_DX_CURRENT_FEATURE='0'
DX_FLAG_chi='0'
DX_FLAG_chm='0'
DX_FLAG_doc='1'
DX_FLAG_dot='1'
DX_FLAG_html='1'
DX_FLAG_man='0'
DX_FLAG_pdf='0'
DX_FLAG_ps='0'
DX_FLAG_rtf='0'
DX_FLAG_xml='0'
DX_HHC=''
DX_LATEX=''
DX_MAKEINDEX=''
DX_PDFLATEX=''
DX_PERL='/bin/perl'
DX_PROJECT='liboqs'
ECHO_C=''
ECHO_N='-n'
ECHO_T=''
EGREP='/bin/grep -E'
ETAGS='etags'
EXEEXT=''
FGREP='/bin/grep -F'
FILECMD='file'
GMP_DIR='/usr'
GREP='/bin/grep'
INSTALL_DATA='${INSTALL} -m 644'
INSTALL_PROGRAM='${INSTALL}'
INSTALL_SCRIPT='${INSTALL}'
INSTALL_STRIP_PROGRAM='$(install_sh) -c -s'
LD='/bin/ld -m elf_x86_64'
LDFLAGS=''
LIBOBJS=''
LIBS=''
LIBTOOL='$(SHELL) $(top_builddir)/libtool'
LIPO=''
LN_S='ln -s'
LTLIBOBJS=''
LT_SYS_LIBRARY_PATH=''
M4RI_DIR='/usr'
MAKEINFO='${SHELL} '\''/home/user/liboqs/missing'\'' makeinfo'
MANIFEST_TOOL=':'
MKDIR_P='/bin/mkdir -p'
NM='/bin/nm -B'
NMEDIT=''
OBJDUMP='objdump'
OBJEXT='o'
ON_DARWIN=''
ON_DARWIN_FALSE=''
ON_DARWIN_TRUE='#'
OPENSSL_DIR='/usr/lib/ssl'
OTOOL64=''
OTOOL=''
PACKAGE='liboqs'
PACKAGE_BUGREPORT=''
PACKAGE_NAME='liboqs'
PACKAGE_STRING='liboqs 1.0.0'
PACKAGE_TARNAME='liboqs'
PACKAGE_URL=''
PACKAGE_VERSION='1.0.0'
PATH_SEPARATOR=':'
RANLIB='ranlib'
SED='/bin/sed'
SET_MAKE=''
SHELL='/bin/bash'
SODIUM_DIR='/usr'
SRCDIR=' src/common src/crypto/aes src/crypto/rand src/crypto/sha3 src/crypto/rand_urandom_aesctr src/crypto/rand_urandom_chacha20 src/kex src/kex_rlwe_bcns15 src/kex_lwe_frodo src/kex_ntru src/kex_rlwe_msrln16 src/kex_rlwe_newhope src/kex_sidh_msr src/sig src/sig_picnic'
STRIP='strip'
USE_AES_NI=''
USE_AES_NI_FALSE='#'
USE_AES_NI_TRUE=''
USE_KEX_LWE_FRODO=''
USE_KEX_LWE_FRODO_FALSE='#'
USE_KEX_LWE_FRODO_TRUE=''
USE_KEX_NTRU=''
USE_KEX_NTRU_FALSE='#'
USE_KEX_NTRU_TRUE=''
USE_KEX_RLWE_MSRLN16=''
USE_KEX_RLWE_MSRLN16_FALSE='#'
USE_KEX_RLWE_MSRLN16_TRUE=''
USE_KEX_RLWE_NEWHOPE=''
USE_KEX_RLWE_NEWHOPE_AVX2=''
USE_KEX_RLWE_NEWHOPE_AVX2_FALSE=''
USE_KEX_RLWE_NEWHOPE_AVX2_TRUE='#'
USE_KEX_RLWE_NEWHOPE_FALSE='#'
USE_KEX_RLWE_NEWHOPE_TRUE=''
USE_KEX_SIDH_MSR=''
USE_KEX_SIDH_MSR_FALSE='#'
USE_KEX_SIDH_MSR_TRUE=''
USE_MCBITS=''
USE_MCBITS_FALSE=''
USE_MCBITS_TRUE='#'
USE_OPENSSL=''
USE_OPENSSL_FALSE='#'
USE_OPENSSL_TRUE=''
USE_SIDH_IQC=''
USE_SIDH_IQC_FALSE=''
USE_SIDH_IQC_TRUE='#'
USE_SIG_PICNIC=''
USE_SIG_PICNIC_FALSE='#'
USE_SIG_PICNIC_TRUE=''
VERSION='1.0.0'
X86_64=''
X86_64_FALSE='#'
X86_64_TRUE=''
ac_ct_AR='ar'
ac_ct_CC='gcc'
ac_ct_CXX='g++'
ac_ct_DUMPBIN=''
aes_ni_FALSE='#'
aes_ni_TRUE=''
am__EXEEXT_FALSE=''
am__EXEEXT_TRUE='#'
am__isrc=''
am__leading_dot='.'
am__tar='$${TAR-tar} chof - "$$tardir"'
am__untar='$${TAR-tar} xf -'
bindir='${exec_prefix}/bin'
build='x86_64-pc-linux-gnu'
build_alias=''
build_cpu='x86_64'
build_os='linux-gnu'
build_vendor='pc'
datadir='${datarootdir}'
datarootdir='${prefix}/share'
docdir='${datarootdir}/doc/${PACKAGE_TARNAME}'
dvidir='${docdir}'
exec_prefix='${prefix}'
host='x86_64-pc-linux-gnu'
host_alias=''
host_cpu='x86_64'
host_os='linux-gnu'
host_vendor='pc'
htmldir='${docdir}'
includedir='${prefix}/include'
infodir='${datarootdir}/info'
install_sh='${SHELL} /home/user/liboqs/install-sh'
kex_code_mcbits_FALSE=''
kex_code_mcbits_TRUE='#'
kex_lwe_frodo_FALSE='#'
kex_lwe_frodo_TRUE=''
kex_ntru_FALSE='#'
kex_ntru_TRUE=''
kex_rlwe_msrln16_FALSE='#'
kex_rlwe_msrln16_TRUE=''
kex_rlwe_newhope_FALSE='#'
kex_rlwe_newhope_TRUE=''
kex_rlwe_newhope_avx2_FALSE=''
kex_rlwe_newhope_avx2_TRUE='#'
kex_sidh_iqc_ref_FALSE=''
kex_sidh_iqc_ref_TRUE='#'
kex_sidh_msr_FALSE='#'
kex_sidh_msr_TRUE=''
libdir='${exec_prefix}/lib'
libexecdir='${exec_prefix}/libexec'
localedir='${datarootdir}/locale'
localstatedir='${prefix}/var'
mandir='${datarootdir}/man'
mkdir_p='$(MKDIR_P)'
oldincludedir='/usr/include'
openssl_FALSE='#'
openssl_TRUE=''
pdfdir='${docdir}'
prefix='/usr/local'
program_transform_name='s,x,x,'
psdir='${docdir}'
runstatedir='${localstatedir}/run'
sbindir='${exec_prefix}/sbin'
sharedstatedir='${prefix}/com'
sig_picnic_FALSE='#'
sig_picnic_TRUE=''
sysconfdir='${prefix}/etc'
target_alias=''

## ----------- ##
## confdefs.h. ##
## ----------- ##

/* confdefs.h */
#define PACKAGE_NAME "liboqs"
#define PACKAGE_TARNAME "liboqs"
#define PACKAGE_VERSION "1.0.0"
#define PACKAGE_STRING "liboqs 1.0.0"
#define PACKAGE_BUGREPORT ""
#define PACKAGE_URL ""
#define HAVE_STDIO_H 1
#define HAVE_STDLIB_H 1
#define HAVE_STRING_H 1
#define HAVE_INTTYPES_H 1
#define HAVE_STDINT_H 1
#define HAVE_STRINGS_H 1
#define HAVE_SYS_STAT_H 1
#define HAVE_SYS_TYPES_H 1
#define HAVE_UNISTD_H 1
#define STDC_HEADERS 1
#define HAVE_DLFCN_H 1
#define LT_OBJDIR ".libs/"
#define PACKAGE "liboqs"
#define VERSION "1.0.0"
#define OPENSSLDIR /usr/lib/ssl
#define HAVE_FCNTL_H 1
#define HAVE_INTTYPES_H 1
#define HAVE_LIMITS_H 1
#define HAVE_STDDEF_H 1
#define HAVE_STDINT_H 1
#define HAVE_STDLIB_H 1
#define HAVE_STRING_H 1
#define HAVE_STRINGS_H 1
#define HAVE_SYS_TIME_H 1
#define HAVE_UNISTD_H 1
#define HAVE__BOOL 1
#define HAVE_MALLOC 1
#define HAVE_GETTIMEOFDAY 1
#define HAVE_MEMMOVE 1
#define HAVE_MEMSET 1
#define HAVE_STRDUP 1
#define SIZEOF_SIZE_T 8
#define ENABLE_KEX_LWE_FRODO 1
#define ENABLE_KEX_NTRU 1
#define ENABLE_KEX_RLWE_MSRLN16 1
#define ENABLE_KEX_RLWE_NEWHOPE 1
#define ENABLE_KEX_SIDH_MSR 1
#define ENABLE_SIG_PICNIC 1

configure: exit 0
